This file contains any messages produced by compilers while
running configure, to aid debugging if configure makes a mistake.

It was created by nocat configure 0.93pre2, which was
generated by GNU Autoconf 2.59.  Invocation command line was

  $ ./configure --host=mipsel-linux --build=x86_64-linux-gnu --with-firewall=iptables --with-glib-prefix=/home/vicente/tomatoraf/release/src-rt/router/mipsel-uclibc/install/glib/usr --localstatedir=/var --sysconfdir=/etc CC=mipsel-uclibc-gcc build_alias=x86_64-linux-gnu host_alias=mipsel-linux --no-create --no-recursion

## --------- ##
## Platform. ##
## --------- ##

hostname = ubuntu
uname -m = i686
uname -r = 2.6.38-8-generic
uname -s = Linux
uname -v = #42-Ubuntu SMP Mon Apr 11 03:31:50 UTC 2011

/usr/bin/uname -p = unknown
/bin/uname -X     = unknown

/bin/arch              = unknown
/usr/bin/arch -k       = unknown
/usr/convex/getsysinfo = unknown
hostinfo               = unknown
/bin/machine           = unknown
/usr/bin/oslevel       = unknown
/bin/universe          = unknown

PATH: /home/dan/EasyTomato/release/tools
PATH: /usr/local/sbin
PATH: /usr/local/bin
PATH: /usr/sbin
PATH: /usr/bin
PATH: /sbin
PATH: /bin
PATH: /usr/games


## ----------- ##
## Core tests. ##
## ----------- ##

configure:1369: checking for a BSD-compatible install
configure:1424: result: /usr/bin/install -c
configure:1435: checking whether build environment is sane
configure:1478: result: yes
configure:1535: checking for gawk
configure:1564: result: no
configure:1535: checking for mawk
configure:1551: found /usr/bin/mawk
configure:1561: result: mawk
configure:1571: checking whether make sets $(MAKE)
configure:1591: result: yes
configure:1670: checking for mipsel-linux-strip
configure:1696: result: mipsel-uclibc-strip -R .note -R .comment
configure:1755: checking whether to enable maintainer-specific portions of Makefiles
configure:1764: result: no
configure:1789: checking for mipsel-linux-gcc
configure:1815: result: mipsel-uclibc-gcc
configure:2097: checking for C compiler version
configure:2100: mipsel-uclibc-gcc --version </dev/null >&5
./configure: line 2101: mipsel-uclibc-gcc: command not found
configure:2103: $? = 127
configure:2105: mipsel-uclibc-gcc -v </dev/null >&5
./configure: line 2106: mipsel-uclibc-gcc: command not found
configure:2108: $? = 127
configure:2110: mipsel-uclibc-gcc -V </dev/null >&5
./configure: line 2111: mipsel-uclibc-gcc: command not found
configure:2113: $? = 127
configure:2136: checking for C compiler default output file name
configure:2139: mipsel-uclibc-gcc    conftest.c  >&5
./configure: line 2140: mipsel-uclibc-gcc: command not found
configure:2142: $? = 127
configure: failed program was:
| /* confdefs.h.  */
| 
| #define PACKAGE_NAME "nocat"
| #define PACKAGE_TARNAME "NoCatSplash"
| #define PACKAGE_VERSION "0.93pre2"
| #define PACKAGE_STRING "nocat 0.93pre2"
| #define PACKAGE_BUGREPORT "schuyler@nocat.net"
| #define PACKAGE "NoCatSplash"
| #define VERSION "0.93pre2"
| /* end confdefs.h.  */
| 
| int
| main ()
| {
| 
|   ;
|   return 0;
| }
configure:2181: error: C compiler cannot create executables
See `config.log' for more details.

## ---------------- ##
## Cache variables. ##
## ---------------- ##

ac_cv_env_CC_set=set
ac_cv_env_CC_value=mipsel-uclibc-gcc
ac_cv_env_CFLAGS_set=
ac_cv_env_CFLAGS_value=
ac_cv_env_CPPFLAGS_set=
ac_cv_env_CPPFLAGS_value=
ac_cv_env_CPP_set=
ac_cv_env_CPP_value=
ac_cv_env_LDFLAGS_set=
ac_cv_env_LDFLAGS_value=
ac_cv_env_build_alias_set=set
ac_cv_env_build_alias_value=x86_64-linux-gnu
ac_cv_env_host_alias_set=set
ac_cv_env_host_alias_value=mipsel-linux
ac_cv_env_target_alias_set=
ac_cv_env_target_alias_value=
ac_cv_path_install='/usr/bin/install -c'
ac_cv_prog_AWK=mawk
ac_cv_prog_CC=mipsel-uclibc-gcc
ac_cv_prog_STRIP='mipsel-uclibc-strip -R .note -R .comment'
ac_cv_prog_make_make_set=yes

## ----------------- ##
## Output variables. ##
## ----------------- ##

ACLOCAL='${SHELL} /home/dan/EasyTomato/release/src/router/nocat/missing --run aclocal-1.8'
AMDEPBACKSLASH=''
AMDEP_FALSE=''
AMDEP_TRUE=''
AMTAR='${SHELL} /home/dan/EasyTomato/release/src/router/nocat/missing --run tar'
AUTOCONF='${SHELL} /home/dan/EasyTomato/release/src/router/nocat/missing --run autoconf'
AUTOHEADER='${SHELL} /home/dan/EasyTomato/release/src/router/nocat/missing --run autoheader'
AUTOMAKE='${SHELL} /home/dan/EasyTomato/release/src/router/nocat/missing --run automake-1.8'
AWK='mawk'
CC='mipsel-uclibc-gcc'
CCDEPMODE=''
CFLAGS=''
CPP=''
CPPFLAGS=''
CYGPATH_W='echo'
DEFS=''
DEPDIR=''
ECHO_C=''
ECHO_N='-n'
ECHO_T=''
EGREP=''
EXEEXT=''
GHTTPD_PROGRAM=''
GLIB_CFLAGS=''
GLIB_CONFIG=''
GLIB_LIBS=''
INSTALL_DATA='${INSTALL} -m 644'
INSTALL_PROGRAM='${INSTALL}'
INSTALL_SCRIPT='${INSTALL}'
INSTALL_STRIP_PROGRAM='${SHELL} $(install_sh) -c -s'
LDFLAGS=''
LIBOBJS=''
LIBS=''
LTLIBOBJS=''
MAINT='#'
MAINTAINER_MODE_FALSE=''
MAINTAINER_MODE_TRUE='#'
MAKEINFO='${SHELL} /home/dan/EasyTomato/release/src/router/nocat/missing --run makeinfo'
OBJEXT=''
PACKAGE='NoCatSplash'
PACKAGE_BUGREPORT='schuyler@nocat.net'
PACKAGE_NAME='nocat'
PACKAGE_STRING='nocat 0.93pre2'
PACKAGE_TARNAME='NoCatSplash'
PACKAGE_VERSION='0.93pre2'
PATH_SEPARATOR=':'
POW_LIB=''
RANLIB='mipsel-uclibc-ranlib'
SET_MAKE=''
SHELL='/bin/sh'
SPLASHD_MODE=''
STRIP='mipsel-uclibc-strip -R .note -R .comment'
VERSION='0.93pre2'
ac_ct_CC=''
ac_ct_RANLIB=''
ac_ct_STRIP=''
am__fastdepCC_FALSE=''
am__fastdepCC_TRUE=''
am__include=''
am__leading_dot='.'
am__quote=''
bindir='${exec_prefix}/bin'
build_alias='x86_64-linux-gnu'
datadir='${prefix}/share'
exec_prefix='NONE'
firewall=''
host_alias='mipsel-linux'
htdocsdir=''
imagesdir=''
includedir='${prefix}/include'
infodir='${prefix}/info'
install_sh='/home/dan/EasyTomato/release/src/router/nocat/install-sh'
libdir='${exec_prefix}/lib'
libexecdir='${exec_prefix}/libexec'
libexecscripts=''
localstatedir='/var'
mandir='${prefix}/man'
mkdir_p='mkdir -p -- .'
oldincludedir='/usr/include'
pgpdir=''
pkglibexecdir=''
prefix='NONE'
program_transform_name='s,x,x,'
sbindir='${exec_prefix}/sbin'
sharedstatedir='${prefix}/com'
sysconfdir='/etc'
target_alias=''

## ----------- ##
## confdefs.h. ##
## ----------- ##

#define PACKAGE "NoCatSplash"
#define PACKAGE_BUGREPORT "schuyler@nocat.net"
#define PACKAGE_NAME "nocat"
#define PACKAGE_STRING "nocat 0.93pre2"
#define PACKAGE_TARNAME "NoCatSplash"
#define PACKAGE_VERSION "0.93pre2"
#define VERSION "0.93pre2"

configure: exit 77
